<?xml version="1.0" ?>
<!DOCTYPE coverage SYSTEM "http://cobertura.sourceforge.net/xml/coverage-04.dtd">
<coverage lines-valid="833"  lines-covered="156"  line-rate="0.1873"  branches-valid="268"  branches-covered="12"  branch-rate="0.044800000000000006"  timestamp="1434238944024" complexity="0" version="0.1">
<sources>
	<source>/Users/gochinj/ws/noinfopath/noinfopath-data</source>
</sources>
<packages>
	<package name="src"  line-rate="0.1873"  branch-rate="0.044800000000000006" >
	<classes>
		<class name="configuration.js"  filename="src/configuration.js"  line-rate="0.3636"  branch-rate="0" >
		<methods>
			<method name="(anonymous_1)"  hits="1"  signature="()V" >
				<lines><line number="2"  hits="1" /></lines>
			</method>
			<method name="(anonymous_2)"  hits="37"  signature="()V" >
				<lines><line number="8"  hits="37" /></lines>
			</method>
			<method name="(anonymous_3)"  hits="37"  signature="()V" >
				<lines><line number="11"  hits="37" /></lines>
			</method>
			<method name="noConfig"  hits="11"  signature="()V" >
				<lines><line number="14"  hits="11" /></lines>
			</method>
			<method name="(anonymous_5)"  hits="0"  signature="()V" >
				<lines><line number="19"  hits="0" /></lines>
			</method>
			<method name="(anonymous_6)"  hits="0"  signature="()V" >
				<lines><line number="22"  hits="0" /></lines>
			</method>
			<method name="(anonymous_7)"  hits="0"  signature="()V" >
				<lines><line number="26"  hits="0" /></lines>
			</method>
			<method name="(anonymous_8)"  hits="0"  signature="()V" >
				<lines><line number="28"  hits="0" /></lines>
			</method>
			<method name="(anonymous_9)"  hits="0"  signature="()V" >
				<lines><line number="31"  hits="0" /></lines>
			</method>
			<method name="(anonymous_10)"  hits="0"  signature="()V" >
				<lines><line number="36"  hits="0" /></lines>
			</method>
			<method name="(anonymous_11)"  hits="0"  signature="()V" >
				<lines><line number="40"  hits="0" /></lines>
			</method>
			<method name="(anonymous_12)"  hits="0"  signature="()V" >
				<lines><line number="43"  hits="0" /></lines>
			</method>
			<method name="(anonymous_13)"  hits="0"  signature="()V" >
				<lines><line number="48"  hits="0" /></lines>
			</method>
			<method name="(anonymous_14)"  hits="0"  signature="()V" >
				<lines><line number="55"  hits="0" /></lines>
			</method>
			<method name="(anonymous_15)"  hits="0"  signature="()V" >
				<lines><line number="59"  hits="0" /></lines>
			</method>
			<method name="(anonymous_16)"  hits="11"  signature="()V" >
				<lines><line number="75"  hits="11" /></lines>
			</method>
		</methods>
		<lines>
			<line number="2"  hits="1"  branch="false" />
			<line number="5"  hits="1"  branch="false" />
			<line number="7"  hits="1"  branch="false" />
			<line number="12"  hits="37"  branch="false" />
			<line number="14"  hits="1"  branch="false" />
			<line number="15"  hits="11"  branch="false" />
			<line number="17"  hits="11"  branch="false" />
			<line number="19"  hits="0"  branch="false" />
			<line number="22"  hits="0"  branch="false" />
			<line number="26"  hits="11"  branch="false" />
			<line number="27"  hits="0"  branch="false" />
			<line number="29"  hits="0"  branch="false" />
			<line number="32"  hits="0"  branch="false" />
			<line number="36"  hits="11"  branch="false" />
			<line number="37"  hits="0"  branch="false" />
			<line number="40"  hits="11"  branch="false" />
			<line number="41"  hits="0"  branch="false" />
			<line number="43"  hits="0"  branch="false" />
			<line number="44"  hits="0"  branch="true"  condition-coverage="0% (0/2)" />
			<line number="46"  hits="0"  branch="false" />
			<line number="48"  hits="0"  branch="false" />
			<line number="49"  hits="0"  branch="true"  condition-coverage="0% (0/2)" />
			<line number="50"  hits="0"  branch="false" />
			<line number="54"  hits="0"  branch="false" />
			<line number="56"  hits="0"  branch="false" />
			<line number="57"  hits="0"  branch="false" />
			<line number="60"  hits="0"  branch="false" />
			<line number="62"  hits="0"  branch="true"  condition-coverage="0% (0/2)" />
			<line number="63"  hits="0"  branch="false" />
			<line number="65"  hits="0"  branch="false" />
			<line number="71"  hits="0"  branch="false" />
			<line number="75"  hits="37"  branch="false" />
			<line number="76"  hits="11"  branch="false" />
		</lines>
		</class>
		<class name="create.js"  filename="src/create.js"  line-rate="0.871"  branch-rate="0.8332999999999999" >
		<methods>
			<method name="(anonymous_1)"  hits="1"  signature="()V" >
				<lines><line number="2"  hits="1" /></lines>
			</method>
			<method name="(anonymous_2)"  hits="4"  signature="()V" >
				<lines><line number="6"  hits="4" /></lines>
			</method>
			<method name="(anonymous_3)"  hits="5"  signature="()V" >
				<lines><line number="11"  hits="5" /></lines>
			</method>
			<method name="_processDbJson"  hits="2"  signature="()V" >
				<lines><line number="15"  hits="2" /></lines>
			</method>
			<method name="(anonymous_5)"  hits="12"  signature="()V" >
				<lines><line number="19"  hits="12" /></lines>
			</method>
			<method name="(anonymous_6)"  hits="2"  signature="()V" >
				<lines><line number="32"  hits="2" /></lines>
			</method>
			<method name="(anonymous_7)"  hits="0"  signature="()V" >
				<lines><line number="45"  hits="0" /></lines>
			</method>
			<method name="(anonymous_8)"  hits="2"  signature="()V" >
				<lines><line number="50"  hits="2" /></lines>
			</method>
			<method name="(anonymous_9)"  hits="2"  signature="()V" >
				<lines><line number="53"  hits="2" /></lines>
			</method>
			<method name="(anonymous_10)"  hits="4"  signature="()V" >
				<lines><line number="60"  hits="4" /></lines>
			</method>
			<method name="(anonymous_11)"  hits="2"  signature="()V" >
				<lines><line number="68"  hits="2" /></lines>
			</method>
			<method name="(anonymous_12)"  hits="0"  signature="()V" >
				<lines><line number="76"  hits="0" /></lines>
			</method>
		</methods>
		<lines>
			<line number="2"  hits="1"  branch="false" />
			<line number="5"  hits="1"  branch="false" />
			<line number="7"  hits="4"  branch="false" />
			<line number="9"  hits="4"  branch="false" />
			<line number="11"  hits="5"  branch="false" />
			<line number="15"  hits="1"  branch="false" />
			<line number="17"  hits="2"  branch="false" />
			<line number="19"  hits="2"  branch="false" />
			<line number="21"  hits="12"  branch="false" />
			<line number="24"  hits="12"  branch="true"  condition-coverage="100% (2/2)" />
			<line number="27"  hits="2"  branch="false" />
			<line number="28"  hits="2"  branch="false" />
			<line number="32"  hits="4"  branch="false" />
			<line number="33"  hits="2"  branch="false" />
			<line number="43"  hits="2"  branch="false" />
			<line number="46"  hits="0"  branch="false" />
			<line number="50"  hits="4"  branch="false" />
			<line number="51"  hits="2"  branch="false" />
			<line number="53"  hits="2"  branch="false" />
			<line number="54"  hits="2"  branch="true"  condition-coverage="50% (1/2)" />
			<line number="56"  hits="0"  branch="false" />
			<line number="57"  hits="0"  branch="false" />
			<line number="59"  hits="2"  branch="false" />
			<line number="60"  hits="2"  branch="false" />
			<line number="61"  hits="4"  branch="true"  condition-coverage="100% (2/2)" />
			<line number="62"  hits="2"  branch="false" />
			<line number="63"  hits="2"  branch="false" />
			<line number="67"  hits="2"  branch="false" />
			<line number="69"  hits="2"  branch="false" />
			<line number="77"  hits="0"  branch="false" />
			<line number="82"  hits="2"  branch="false" />
		</lines>
		</class>
		<class name="globals.js"  filename="src/globals.js"  line-rate="0.0843"  branch-rate="0.0323" >
		<methods>
			<method name="(anonymous_1)"  hits="1"  signature="()V" >
				<lines><line number="7"  hits="1" /></lines>
			</method>
			<method name="(anonymous_2)"  hits="37"  signature="()V" >
				<lines><line number="12"  hits="37" /></lines>
			</method>
			<method name="_setItem"  hits="0"  signature="()V" >
				<lines><line number="14"  hits="0" /></lines>
			</method>
			<method name="_getItem"  hits="0"  signature="()V" >
				<lines><line number="21"  hits="0" /></lines>
			</method>
			<method name="_noFilterExpression"  hits="0"  signature="()V" >
				<lines><line number="26"  hits="0" /></lines>
			</method>
			<method name="_noFilter"  hits="0"  signature="()V" >
				<lines><line number="34"  hits="0" /></lines>
			</method>
			<method name="(anonymous_7)"  hits="0"  signature="()V" >
				<lines><line number="41"  hits="0" /></lines>
			</method>
			<method name="(anonymous_8)"  hits="0"  signature="()V" >
				<lines><line number="46"  hits="0" /></lines>
			</method>
			<method name="(anonymous_9)"  hits="0"  signature="()V" >
				<lines><line number="47"  hits="0" /></lines>
			</method>
			<method name="(anonymous_10)"  hits="0"  signature="()V" >
				<lines><line number="52"  hits="0" /></lines>
			</method>
			<method name="(anonymous_11)"  hits="0"  signature="()V" >
				<lines><line number="68"  hits="0" /></lines>
			</method>
			<method name="_noDataReadRequest"  hits="0"  signature="()V" >
				<lines><line number="78"  hits="0" /></lines>
			</method>
			<method name="(anonymous_13)"  hits="0"  signature="()V" >
				<lines><line number="83"  hits="0" /></lines>
			</method>
			<method name="(anonymous_14)"  hits="0"  signature="()V" >
				<lines><line number="86"  hits="0" /></lines>
			</method>
			<method name="(anonymous_15)"  hits="0"  signature="()V" >
				<lines><line number="94"  hits="0" /></lines>
			</method>
			<method name="(anonymous_16)"  hits="0"  signature="()V" >
				<lines><line number="104"  hits="0" /></lines>
			</method>
			<method name="(anonymous_17)"  hits="0"  signature="()V" >
				<lines><line number="116"  hits="0" /></lines>
			</method>
			<method name="(anonymous_18)"  hits="0"  signature="()V" >
				<lines><line number="131"  hits="0" /></lines>
			</method>
			<method name="(anonymous_19)"  hits="0"  signature="()V" >
				<lines><line number="139"  hits="0" /></lines>
			</method>
			<method name="(anonymous_20)"  hits="0"  signature="()V" >
				<lines><line number="151"  hits="0" /></lines>
			</method>
			<method name="(anonymous_21)"  hits="0"  signature="()V" >
				<lines><line number="182"  hits="0" /></lines>
			</method>
			<method name="_noDataSource"  hits="0"  signature="()V" >
				<lines><line number="209"  hits="0" /></lines>
			</method>
			<method name="(anonymous_23)"  hits="0"  signature="()V" >
				<lines><line number="225"  hits="0" /></lines>
			</method>
			<method name="_makeFilters"  hits="0"  signature="()V" >
				<lines><line number="251"  hits="0" /></lines>
			</method>
			<method name="(anonymous_25)"  hits="0"  signature="()V" >
				<lines><line number="254"  hits="0" /></lines>
			</method>
			<method name="(anonymous_26)"  hits="0"  signature="()V" >
				<lines><line number="297"  hits="0" /></lines>
			</method>
			<method name="(anonymous_27)"  hits="0"  signature="()V" >
				<lines><line number="298"  hits="0" /></lines>
			</method>
			<method name="_noHTTP"  hits="0"  signature="()V" >
				<lines><line number="300"  hits="0" /></lines>
			</method>
			<method name="(anonymous_29)"  hits="0"  signature="()V" >
				<lines><line number="305"  hits="0" /></lines>
			</method>
			<method name="(anonymous_30)"  hits="0"  signature="()V" >
				<lines><line number="308"  hits="0" /></lines>
			</method>
			<method name="(anonymous_31)"  hits="0"  signature="()V" >
				<lines><line number="311"  hits="0" /></lines>
			</method>
			<method name="(anonymous_32)"  hits="0"  signature="()V" >
				<lines><line number="314"  hits="0" /></lines>
			</method>
			<method name="(anonymous_33)"  hits="0"  signature="()V" >
				<lines><line number="317"  hits="0" /></lines>
			</method>
			<method name="(anonymous_34)"  hits="0"  signature="()V" >
				<lines><line number="319"  hits="0" /></lines>
			</method>
			<method name="(anonymous_35)"  hits="0"  signature="()V" >
				<lines><line number="327"  hits="0" /></lines>
			</method>
			<method name="_noIndexedDB"  hits="0"  signature="()V" >
				<lines><line number="336"  hits="0" /></lines>
			</method>
			<method name="crudOp"  hits="0"  signature="()V" >
				<lines><line number="337"  hits="0" /></lines>
			</method>
			<method name="(anonymous_38)"  hits="0"  signature="()V" >
				<lines><line number="349"  hits="0" /></lines>
			</method>
			<method name="(anonymous_39)"  hits="0"  signature="()V" >
				<lines><line number="352"  hits="0" /></lines>
			</method>
			<method name="(anonymous_40)"  hits="0"  signature="()V" >
				<lines><line number="360"  hits="0" /></lines>
			</method>
			<method name="(anonymous_41)"  hits="0"  signature="()V" >
				<lines><line number="363"  hits="0" /></lines>
			</method>
			<method name="(anonymous_42)"  hits="0"  signature="()V" >
				<lines><line number="366"  hits="0" /></lines>
			</method>
			<method name="(anonymous_43)"  hits="0"  signature="()V" >
				<lines><line number="369"  hits="0" /></lines>
			</method>
			<method name="(anonymous_44)"  hits="0"  signature="()V" >
				<lines><line number="372"  hits="0" /></lines>
			</method>
		</methods>
		<lines>
			<line number="7"  hits="1"  branch="false" />
			<line number="10"  hits="1"  branch="false" />
			<line number="14"  hits="1"  branch="false" />
			<line number="15"  hits="0"  branch="false" />
			<line number="18"  hits="0"  branch="false" />
			<line number="21"  hits="1"  branch="false" />
			<line number="22"  hits="0"  branch="false" />
			<line number="23"  hits="0"  branch="false" />
			<line number="26"  hits="1"  branch="false" />
			<line number="27"  hits="0"  branch="true"  condition-coverage="0% (0/2)" />
			<line number="28"  hits="0"  branch="false" />
			<line number="29"  hits="0"  branch="false" />
			<line number="30"  hits="0"  branch="false" />
			<line number="31"  hits="0"  branch="false" />
			<line number="34"  hits="1"  branch="false" />
			<line number="35"  hits="0"  branch="false" />
			<line number="39"  hits="0"  branch="false" />
			<line number="42"  hits="0"  branch="false" />
			<line number="46"  hits="0"  branch="false" />
			<line number="47"  hits="0"  branch="false" />
			<line number="51"  hits="0"  branch="false" />
			<line number="52"  hits="0"  branch="false" />
			<line number="53"  hits="0"  branch="false" />
			<line number="55"  hits="0"  branch="true"  condition-coverage="0% (0/2)" />
			<line number="56"  hits="0"  branch="false" />
			<line number="57"  hits="0"  branch="false" />
			<line number="58"  hits="0"  branch="false" />
			<line number="59"  hits="0"  branch="false" />
			<line number="61"  hits="0"  branch="false" />
			<line number="62"  hits="0"  branch="false" />
			<line number="63"  hits="0"  branch="false" />
			<line number="64"  hits="0"  branch="false" />
			<line number="67"  hits="0"  branch="true"  condition-coverage="0% (0/2)" />
			<line number="68"  hits="0"  branch="false" />
			<line number="72"  hits="0"  branch="false" />
			<line number="74"  hits="0"  branch="false" />
			<line number="78"  hits="1"  branch="false" />
			<line number="79"  hits="0"  branch="false" />
			<line number="81"  hits="0"  branch="false" />
			<line number="83"  hits="0"  branch="false" />
			<line number="87"  hits="0"  branch="false" />
			<line number="94"  hits="0"  branch="false" />
			<line number="95"  hits="0"  branch="true"  condition-coverage="0% (0/2)" />
			<line number="96"  hits="0"  branch="false" />
			<line number="99"  hits="0"  branch="false" />
			<line number="104"  hits="0"  branch="false" />
			<line number="105"  hits="0"  branch="true"  condition-coverage="0% (0/2)" />
			<line number="106"  hits="0"  branch="false" />
			<line number="109"  hits="0"  branch="false" />
			<line number="111"  hits="0"  branch="true"  condition-coverage="0% (0/2)" />
			<line number="112"  hits="0"  branch="false" />
			<line number="116"  hits="0"  branch="false" />
			<line number="117"  hits="0"  branch="true"  condition-coverage="0% (0/2)" />
			<line number="118"  hits="0"  branch="false" />
			<line number="121"  hits="0"  branch="false" />
			<line number="122"  hits="0"  branch="false" />
			<line number="123"  hits="0"  branch="true"  condition-coverage="0% (0/2)" />
			<line number="124"  hits="0"  branch="false" />
			<line number="128"  hits="0"  branch="false" />
			<line number="131"  hits="0"  branch="false" />
			<line number="132"  hits="0"  branch="true"  condition-coverage="0% (0/2)" />
			<line number="133"  hits="0"  branch="false" />
			<line number="136"  hits="0"  branch="false" />
			<line number="139"  hits="0"  branch="false" />
			<line number="140"  hits="0"  branch="true"  condition-coverage="0% (0/2)" />
			<line number="141"  hits="0"  branch="false" />
			<line number="144"  hits="0"  branch="false" />
			<line number="146"  hits="0"  branch="true"  condition-coverage="0% (0/2)" />
			<line number="147"  hits="0"  branch="false" />
			<line number="151"  hits="0"  branch="false" />
			<line number="152"  hits="0"  branch="true"  condition-coverage="0% (0/2)" />
			<line number="153"  hits="0"  branch="false" />
			<line number="156"  hits="0"  branch="false" />
			<line number="157"  hits="0"  branch="false" />
			<line number="158"  hits="0"  branch="true"  condition-coverage="0% (0/2)" />
			<line number="159"  hits="0"  branch="false" />
			<line number="163"  hits="0"  branch="false" />
			<line number="166"  hits="0"  branch="true"  condition-coverage="0% (0/2)" />
			<line number="168"  hits="0"  branch="false" />
			<line number="177"  hits="0"  branch="false" />
			<line number="179"  hits="0"  branch="true"  condition-coverage="0% (0/2)" />
			<line number="180"  hits="0"  branch="false" />
			<line number="182"  hits="0"  branch="false" />
			<line number="183"  hits="0"  branch="false" />
			<line number="186"  hits="0"  branch="false" />
			<line number="192"  hits="0"  branch="false" />
			<line number="202"  hits="0"  branch="false" />
			<line number="203"  hits="0"  branch="false" />
			<line number="204"  hits="0"  branch="false" />
			<line number="205"  hits="0"  branch="false" />
			<line number="206"  hits="0"  branch="false" />
			<line number="209"  hits="1"  branch="false" />
			<line number="210"  hits="0"  branch="false" />
			<line number="213"  hits="0"  branch="false" />
			<line number="214"  hits="0"  branch="true"  condition-coverage="0% (0/2)" />
			<line number="215"  hits="0"  branch="false" />
			<line number="216"  hits="0"  branch="false" />
			<line number="218"  hits="0"  branch="true"  condition-coverage="0% (0/2)" />
			<line number="219"  hits="0"  branch="false" />
			<line number="222"  hits="0"  branch="true"  condition-coverage="0% (0/2)" />
			<line number="224"  hits="0"  branch="false" />
			<line number="225"  hits="0"  branch="false" />
			<line number="226"  hits="0"  branch="true"  condition-coverage="0% (0/2)" />
			<line number="227"  hits="0"  branch="false" />
			<line number="228"  hits="0"  branch="true"  condition-coverage="0% (0/2)" />
			<line number="229"  hits="0"  branch="false" />
			<line number="231"  hits="0"  branch="false" />
			<line number="234"  hits="0"  branch="false" />
			<line number="235"  hits="0"  branch="true"  condition-coverage="0% (0/2)" />
			<line number="236"  hits="0"  branch="false" />
			<line number="239"  hits="0"  branch="false" />
			<line number="243"  hits="0"  branch="false" />
			<line number="248"  hits="0"  branch="false" />
			<line number="251"  hits="1"  branch="false" />
			<line number="252"  hits="0"  branch="false" />
			<line number="254"  hits="0"  branch="false" />
			<line number="255"  hits="0"  branch="false" />
			<line number="257"  hits="0"  branch="true"  condition-coverage="0% (0/2)" />
			<line number="260"  hits="0"  branch="true"  condition-coverage="0% (0/2)" />
			<line number="262"  hits="0"  branch="false" />
			<line number="263"  hits="0"  branch="false" />
			<line number="265"  hits="0"  branch="false" />
			<line number="266"  hits="0"  branch="false" />
			<line number="269"  hits="0"  branch="false" />
			<line number="271"  hits="0"  branch="true"  condition-coverage="0% (0/2)" />
			<line number="272"  hits="0"  branch="true"  condition-coverage="0% (0/2)" />
			<line number="273"  hits="0"  branch="false" />
			<line number="277"  hits="0"  branch="false" />
			<line number="281"  hits="0"  branch="false" />
			<line number="284"  hits="37"  branch="false" />
			<line number="294"  hits="37"  branch="true"  condition-coverage="100% (2/2)" />
			<line number="298"  hits="0"  branch="false" />
			<line number="300"  hits="1"  branch="false" />
			<line number="303"  hits="0"  branch="false" />
			<line number="306"  hits="0"  branch="false" />
			<line number="309"  hits="0"  branch="false" />
			<line number="312"  hits="0"  branch="false" />
			<line number="315"  hits="0"  branch="false" />
			<line number="318"  hits="0"  branch="false" />
			<line number="320"  hits="0"  branch="true"  condition-coverage="0% (0/2)" />
			<line number="321"  hits="0"  branch="false" />
			<line number="323"  hits="0"  branch="false" />
			<line number="328"  hits="0"  branch="false" />
			<line number="329"  hits="0"  branch="false" />
			<line number="336"  hits="1"  branch="false" />
			<line number="337"  hits="1"  branch="false" />
			<line number="338"  hits="0"  branch="false" />
			<line number="341"  hits="0"  branch="false" />
			<line number="344"  hits="0"  branch="true"  condition-coverage="0% (0/2)" />
			<line number="345"  hits="0"  branch="false" />
			<line number="347"  hits="0"  branch="false" />
			<line number="350"  hits="0"  branch="false" />
			<line number="351"  hits="0"  branch="false" />
			<line number="353"  hits="0"  branch="false" />
			<line number="355"  hits="0"  branch="false" />
			<line number="358"  hits="0"  branch="false" />
			<line number="361"  hits="0"  branch="false" />
			<line number="364"  hits="0"  branch="false" />
			<line number="367"  hits="0"  branch="false" />
			<line number="370"  hits="0"  branch="false" />
			<line number="373"  hits="0"  branch="false" />
			<line number="384"  hits="0"  branch="false" />
			<line number="386"  hits="0"  branch="true"  condition-coverage="0% (0/2)" />
			<line number="387"  hits="0"  branch="false" />
			<line number="389"  hits="0"  branch="false" />
			<line number="391"  hits="0"  branch="false" />
		</lines>
		</class>
		<class name="http.js"  filename="src/http.js"  line-rate="0.188"  branch-rate="0" >
		<methods>
			<method name="(anonymous_1)"  hits="1"  signature="()V" >
				<lines><line number="2"  hits="1" /></lines>
			</method>
			<method name="(anonymous_2)"  hits="37"  signature="()V" >
				<lines><line number="6"  hits="37" /></lines>
			</method>
			<method name="(anonymous_3)"  hits="0"  signature="()V" >
				<lines><line number="8"  hits="0" /></lines>
			</method>
			<method name="(anonymous_4)"  hits="1"  signature="()V" >
				<lines><line number="12"  hits="1" /></lines>
			</method>
			<method name="noREST"  hits="10"  signature="()V" >
				<lines><line number="16"  hits="10" /></lines>
			</method>
			<method name="(anonymous_6)"  hits="0"  signature="()V" >
				<lines><line number="33"  hits="0" /></lines>
			</method>
			<method name="(anonymous_7)"  hits="0"  signature="()V" >
				<lines><line number="38"  hits="0" /></lines>
			</method>
			<method name="(anonymous_8)"  hits="0"  signature="()V" >
				<lines><line number="46"  hits="0" /></lines>
			</method>
			<method name="(anonymous_9)"  hits="0"  signature="()V" >
				<lines><line number="47"  hits="0" /></lines>
			</method>
			<method name="(anonymous_10)"  hits="0"  signature="()V" >
				<lines><line number="62"  hits="0" /></lines>
			</method>
			<method name="(anonymous_11)"  hits="0"  signature="()V" >
				<lines><line number="67"  hits="0" /></lines>
			</method>
			<method name="isGuid"  hits="0"  signature="()V" >
				<lines><line number="73"  hits="0" /></lines>
			</method>
			<method name="toOdataFilter"  hits="0"  signature="()V" >
				<lines><line number="76"  hits="0" /></lines>
			</method>
			<method name="mapParams"  hits="0"  signature="()V" >
				<lines><line number="166"  hits="0" /></lines>
			</method>
			<method name="(anonymous_15)"  hits="1"  signature="()V" >
				<lines><line number="215"  hits="1" /></lines>
			</method>
			<method name="(anonymous_16)"  hits="1"  signature="()V" >
				<lines><line number="232"  hits="1" /></lines>
			</method>
			<method name="(anonymous_17)"  hits="0"  signature="()V" >
				<lines><line number="237"  hits="0" /></lines>
			</method>
			<method name="(anonymous_18)"  hits="0"  signature="()V" >
				<lines><line number="247"  hits="0" /></lines>
			</method>
			<method name="(anonymous_19)"  hits="0"  signature="()V" >
				<lines><line number="265"  hits="0" /></lines>
			</method>
			<method name="(anonymous_20)"  hits="0"  signature="()V" >
				<lines><line number="269"  hits="0" /></lines>
			</method>
			<method name="(anonymous_21)"  hits="0"  signature="()V" >
				<lines><line number="276"  hits="0" /></lines>
			</method>
			<method name="(anonymous_22)"  hits="0"  signature="()V" >
				<lines><line number="278"  hits="0" /></lines>
			</method>
			<method name="(anonymous_23)"  hits="0"  signature="()V" >
				<lines><line number="285"  hits="0" /></lines>
			</method>
			<method name="(anonymous_24)"  hits="0"  signature="()V" >
				<lines><line number="287"  hits="0" /></lines>
			</method>
			<method name="(anonymous_25)"  hits="9"  signature="()V" >
				<lines><line number="295"  hits="9" /></lines>
			</method>
		</methods>
		<lines>
			<line number="2"  hits="1"  branch="false" />
			<line number="5"  hits="1"  branch="false" />
			<line number="8"  hits="37"  branch="false" />
			<line number="9"  hits="0"  branch="false" />
			<line number="12"  hits="37"  branch="false" />
			<line number="13"  hits="1"  branch="false" />
			<line number="16"  hits="1"  branch="false" />
			<line number="17"  hits="10"  branch="false" />
			<line number="34"  hits="0"  branch="true"  condition-coverage="0% (0/2)" />
			<line number="35"  hits="0"  branch="false" />
			<line number="39"  hits="0"  branch="false" />
			<line number="47"  hits="0"  branch="false" />
			<line number="48"  hits="0"  branch="false" />
			<line number="50"  hits="0"  branch="true"  condition-coverage="0% (0/2)" />
			<line number="51"  hits="0"  branch="false" />
			<line number="54"  hits="0"  branch="false" />
			<line number="58"  hits="0"  branch="true"  condition-coverage="0% (0/2)" />
			<line number="59"  hits="0"  branch="false" />
			<line number="63"  hits="0"  branch="true"  condition-coverage="0% (0/2)" />
			<line number="64"  hits="0"  branch="false" />
			<line number="68"  hits="0"  branch="true"  condition-coverage="0% (0/2)" />
			<line number="69"  hits="0"  branch="false" />
			<line number="73"  hits="1"  branch="false" />
			<line number="74"  hits="0"  branch="false" />
			<line number="76"  hits="1"  branch="false" />
			<line number="77"  hits="0"  branch="false" />
			<line number="89"  hits="0"  branch="false" />
			<line number="90"  hits="0"  branch="false" />
			<line number="91"  hits="0"  branch="false" />
			<line number="92"  hits="0"  branch="false" />
			<line number="93"  hits="0"  branch="false" />
			<line number="95"  hits="0"  branch="true"  condition-coverage="0% (0/2)" />
			<line number="96"  hits="0"  branch="false" />
			<line number="98"  hits="0"  branch="false" />
			<line number="99"  hits="0"  branch="false" />
			<line number="100"  hits="0"  branch="false" />
			<line number="105"  hits="0"  branch="true"  condition-coverage="0% (0/4)" />
			<line number="107"  hits="0"  branch="true"  condition-coverage="0% (0/2)" />
			<line number="108"  hits="0"  branch="true"  condition-coverage="0% (0/2)" />
			<line number="109"  hits="0"  branch="false" />
			<line number="111"  hits="0"  branch="false" />
			<line number="114"  hits="0"  branch="false" />
			<line number="121"  hits="0"  branch="true"  condition-coverage="0% (0/2)" />
			<line number="122"  hits="0"  branch="true"  condition-coverage="0% (0/2)" />
			<line number="123"  hits="0"  branch="false" />
			<line number="125"  hits="0"  branch="false" />
			<line number="126"  hits="0"  branch="false" />
			<line number="129"  hits="0"  branch="false" />
			<line number="132"  hits="0"  branch="true"  condition-coverage="0% (0/2)" />
			<line number="133"  hits="0"  branch="true"  condition-coverage="0% (0/2)" />
			<line number="134"  hits="0"  branch="false" />
			<line number="136"  hits="0"  branch="false" />
			<line number="137"  hits="0"  branch="true"  condition-coverage="0% (0/2)" />
			<line number="138"  hits="0"  branch="true"  condition-coverage="0% (0/2)" />
			<line number="139"  hits="0"  branch="false" />
			<line number="140"  hits="0"  branch="false" />
			<line number="142"  hits="0"  branch="false" />
			<line number="147"  hits="0"  branch="false" />
			<line number="150"  hits="0"  branch="false" />
			<line number="154"  hits="0"  branch="false" />
			<line number="157"  hits="0"  branch="false" />
			<line number="159"  hits="0"  branch="true"  condition-coverage="0% (0/2)" />
			<line number="160"  hits="0"  branch="false" />
			<line number="163"  hits="0"  branch="false" />
			<line number="166"  hits="1"  branch="false" />
			<line number="167"  hits="0"  branch="false" />
			<line number="172"  hits="0"  branch="true"  condition-coverage="0% (0/2)" />
			<line number="173"  hits="0"  branch="true"  condition-coverage="0% (0/2)" />
			<line number="174"  hits="0"  branch="false" />
			<line number="176"  hits="0"  branch="true"  condition-coverage="0% (0/2)" />
			<line number="177"  hits="0"  branch="true"  condition-coverage="0% (0/4)" />
			<line number="178"  hits="0"  branch="false" />
			<line number="181"  hits="0"  branch="false" />
			<line number="187"  hits="0"  branch="false" />
			<line number="188"  hits="0"  branch="false" />
			<line number="189"  hits="0"  branch="true"  condition-coverage="0% (0/2)" />
			<line number="190"  hits="0"  branch="false" />
			<line number="192"  hits="0"  branch="false" />
			<line number="196"  hits="0"  branch="true"  condition-coverage="0% (0/2)" />
			<line number="197"  hits="0"  branch="false" />
			<line number="200"  hits="0"  branch="true"  condition-coverage="0% (0/2)" />
			<line number="201"  hits="0"  branch="false" />
			<line number="202"  hits="0"  branch="false" />
			<line number="203"  hits="0"  branch="true"  condition-coverage="0% (0/2)" />
			<line number="204"  hits="0"  branch="false" />
			<line number="208"  hits="0"  branch="false" />
			<line number="212"  hits="0"  branch="false" />
			<line number="215"  hits="10"  branch="false" />
			<line number="216"  hits="1"  branch="false" />
			<line number="217"  hits="1"  branch="false" />
			<line number="219"  hits="1"  branch="false" />
			<line number="231"  hits="1"  branch="false" />
			<line number="235"  hits="1"  branch="false" />
			<line number="238"  hits="0"  branch="false" />
			<line number="239"  hits="0"  branch="false" />
			<line number="244"  hits="1"  branch="false" />
			<line number="247"  hits="10"  branch="false" />
			<line number="249"  hits="0"  branch="true"  condition-coverage="0% (0/2)" />
			<line number="252"  hits="0"  branch="false" />
			<line number="264"  hits="0"  branch="false" />
			<line number="267"  hits="0"  branch="false" />
			<line number="270"  hits="0"  branch="false" />
			<line number="273"  hits="0"  branch="false" />
			<line number="276"  hits="10"  branch="false" />
			<line number="277"  hits="0"  branch="false" />
			<line number="278"  hits="0"  branch="false" />
			<line number="279"  hits="0"  branch="false" />
			<line number="280"  hits="0"  branch="false" />
			<line number="282"  hits="0"  branch="false" />
			<line number="285"  hits="10"  branch="false" />
			<line number="286"  hits="0"  branch="false" />
			<line number="287"  hits="0"  branch="false" />
			<line number="288"  hits="0"  branch="false" />
			<line number="289"  hits="0"  branch="false" />
			<line number="291"  hits="0"  branch="false" />
			<line number="295"  hits="37"  branch="false" />
			<line number="296"  hits="9"  branch="false" />
		</lines>
		</class>
		<class name="indexeddb.js"  filename="src/indexeddb.js"  line-rate="0.11259999999999999"  branch-rate="0.018500000000000003" >
		<methods>
			<method name="(anonymous_1)"  hits="1"  signature="()V" >
				<lines><line number="2"  hits="1" /></lines>
			</method>
			<method name="(anonymous_2)"  hits="4"  signature="()V" >
				<lines><line number="7"  hits="4" /></lines>
			</method>
			<method name="_bind"  hits="0"  signature="()V" >
				<lines><line number="10"  hits="0" /></lines>
			</method>
			<method name="_import"  hits="0"  signature="()V" >
				<lines><line number="11"  hits="0" /></lines>
			</method>
			<method name="(anonymous_5)"  hits="0"  signature="()V" >
				<lines><line number="14"  hits="0" /></lines>
			</method>
			<method name="(anonymous_6)"  hits="0"  signature="()V" >
				<lines><line number="17"  hits="0" /></lines>
			</method>
			<method name="_next"  hits="0"  signature="()V" >
				<lines><line number="22"  hits="0" /></lines>
			</method>
			<method name="(anonymous_8)"  hits="0"  signature="()V" >
				<lines><line number="26"  hits="0" /></lines>
			</method>
			<method name="(anonymous_9)"  hits="0"  signature="()V" >
				<lines><line number="27"  hits="0" /></lines>
			</method>
			<method name="(anonymous_10)"  hits="0"  signature="()V" >
				<lines><line number="29"  hits="0" /></lines>
			</method>
			<method name="(anonymous_11)"  hits="0"  signature="()V" >
				<lines><line number="33"  hits="0" /></lines>
			</method>
			<method name="(anonymous_12)"  hits="0"  signature="()V" >
				<lines><line number="44"  hits="0" /></lines>
			</method>
			<method name="(anonymous_13)"  hits="0"  signature="()V" >
				<lines><line number="49"  hits="0" /></lines>
			</method>
			<method name="(anonymous_14)"  hits="0"  signature="()V" >
				<lines><line number="54"  hits="0" /></lines>
			</method>
			<method name="(anonymous_15)"  hits="0"  signature="()V" >
				<lines><line number="63"  hits="0" /></lines>
			</method>
			<method name="(anonymous_16)"  hits="0"  signature="()V" >
				<lines><line number="66"  hits="0" /></lines>
			</method>
			<method name="(anonymous_17)"  hits="0"  signature="()V" >
				<lines><line number="72"  hits="0" /></lines>
			</method>
			<method name="(anonymous_18)"  hits="1"  signature="()V" >
				<lines><line number="84"  hits="1" /></lines>
			</method>
			<method name="(anonymous_19)"  hits="0"  signature="()V" >
				<lines><line number="88"  hits="0" /></lines>
			</method>
			<method name="(anonymous_20)"  hits="0"  signature="()V" >
				<lines><line number="93"  hits="0" /></lines>
			</method>
			<method name="(anonymous_21)"  hits="0"  signature="()V" >
				<lines><line number="98"  hits="0" /></lines>
			</method>
			<method name="(anonymous_22)"  hits="0"  signature="()V" >
				<lines><line number="103"  hits="0" /></lines>
			</method>
			<method name="(anonymous_23)"  hits="0"  signature="()V" >
				<lines><line number="108"  hits="0" /></lines>
			</method>
			<method name="(anonymous_24)"  hits="0"  signature="()V" >
				<lines><line number="121"  hits="0" /></lines>
			</method>
			<method name="(anonymous_25)"  hits="0"  signature="()V" >
				<lines><line number="124"  hits="0" /></lines>
			</method>
			<method name="(anonymous_26)"  hits="0"  signature="()V" >
				<lines><line number="132"  hits="0" /></lines>
			</method>
			<method name="queryBuilder"  hits="0"  signature="()V" >
				<lines><line number="140"  hits="0" /></lines>
			</method>
			<method name="(anonymous_28)"  hits="0"  signature="()V" >
				<lines><line number="144"  hits="0" /></lines>
			</method>
			<method name="_filter"  hits="0"  signature="()V" >
				<lines><line number="150"  hits="0" /></lines>
			</method>
			<method name="_indexFilter"  hits="0"  signature="()V" >
				<lines><line number="153"  hits="0" /></lines>
			</method>
			<method name="_jsFilter"  hits="0"  signature="()V" >
				<lines><line number="186"  hits="0" /></lines>
			</method>
			<method name="(anonymous_32)"  hits="0"  signature="()V" >
				<lines><line number="187"  hits="0" /></lines>
			</method>
			<method name="(anonymous_33)"  hits="0"  signature="()V" >
				<lines><line number="230"  hits="0" /></lines>
			</method>
			<method name="_count"  hits="0"  signature="()V" >
				<lines><line number="260"  hits="0" /></lines>
			</method>
			<method name="(anonymous_35)"  hits="0"  signature="()V" >
				<lines><line number="264"  hits="0" /></lines>
			</method>
			<method name="(anonymous_36)"  hits="0"  signature="()V" >
				<lines><line number="268"  hits="0" /></lines>
			</method>
			<method name="_sort"  hits="0"  signature="()V" >
				<lines><line number="275"  hits="0" /></lines>
			</method>
			<method name="(anonymous_38)"  hits="0"  signature="()V" >
				<lines><line number="279"  hits="0" /></lines>
			</method>
			<method name="(anonymous_39)"  hits="0"  signature="()V" >
				<lines><line number="287"  hits="0" /></lines>
			</method>
			<method name="(anonymous_40)"  hits="0"  signature="()V" >
				<lines><line number="291"  hits="0" /></lines>
			</method>
			<method name="(anonymous_41)"  hits="0"  signature="()V" >
				<lines><line number="297"  hits="0" /></lines>
			</method>
			<method name="(anonymous_42)"  hits="0"  signature="()V" >
				<lines><line number="300"  hits="0" /></lines>
			</method>
			<method name="_page"  hits="0"  signature="()V" >
				<lines><line number="310"  hits="0" /></lines>
			</method>
			<method name="(anonymous_44)"  hits="0"  signature="()V" >
				<lines><line number="313"  hits="0" /></lines>
			</method>
			<method name="_expand"  hits="0"  signature="()V" >
				<lines><line number="325"  hits="0" /></lines>
			</method>
			<method name="(anonymous_46)"  hits="0"  signature="()V" >
				<lines><line number="332"  hits="0" /></lines>
			</method>
			<method name="(anonymous_47)"  hits="0"  signature="()V" >
				<lines><line number="337"  hits="0" /></lines>
			</method>
			<method name="(anonymous_48)"  hits="0"  signature="()V" >
				<lines><line number="347"  hits="0" /></lines>
			</method>
			<method name="(anonymous_49)"  hits="0"  signature="()V" >
				<lines><line number="348"  hits="0" /></lines>
			</method>
			<method name="(anonymous_50)"  hits="0"  signature="()V" >
				<lines><line number="353"  hits="0" /></lines>
			</method>
			<method name="_expandOne"  hits="0"  signature="()V" >
				<lines><line number="374"  hits="0" /></lines>
			</method>
			<method name="(anonymous_52)"  hits="0"  signature="()V" >
				<lines><line number="379"  hits="0" /></lines>
			</method>
			<method name="(anonymous_53)"  hits="0"  signature="()V" >
				<lines><line number="381"  hits="0" /></lines>
			</method>
			<method name="(anonymous_54)"  hits="0"  signature="()V" >
				<lines><line number="384"  hits="0" /></lines>
			</method>
			<method name="(anonymous_55)"  hits="0"  signature="()V" >
				<lines><line number="390"  hits="0" /></lines>
			</method>
			<method name="_projection"  hits="0"  signature="()V" >
				<lines><line number="397"  hits="0" /></lines>
			</method>
			<method name="_waitForProjection"  hits="0"  signature="()V" >
				<lines><line number="400"  hits="0" /></lines>
			</method>
			<method name="(anonymous_58)"  hits="0"  signature="()V" >
				<lines><line number="404"  hits="0" /></lines>
			</method>
			<method name="(anonymous_59)"  hits="0"  signature="()V" >
				<lines><line number="409"  hits="0" /></lines>
			</method>
			<method name="(anonymous_60)"  hits="0"  signature="()V" >
				<lines><line number="417"  hits="0" /></lines>
			</method>
			<method name="_projectOne"  hits="0"  signature="()V" >
				<lines><line number="425"  hits="0" /></lines>
			</method>
			<method name="(anonymous_62)"  hits="0"  signature="()V" >
				<lines><line number="432"  hits="0" /></lines>
			</method>
			<method name="(anonymous_63)"  hits="0"  signature="()V" >
				<lines><line number="436"  hits="0" /></lines>
			</method>
			<method name="(anonymous_64)"  hits="0"  signature="()V" >
				<lines><line number="443"  hits="0" /></lines>
			</method>
			<method name="(anonymous_65)"  hits="0"  signature="()V" >
				<lines><line number="455"  hits="0" /></lines>
			</method>
			<method name="_project"  hits="0"  signature="()V" >
				<lines><line number="461"  hits="0" /></lines>
			</method>
			<method name="(anonymous_67)"  hits="0"  signature="()V" >
				<lines><line number="464"  hits="0" /></lines>
			</method>
			<method name="(anonymous_68)"  hits="0"  signature="()V" >
				<lines><line number="466"  hits="0" /></lines>
			</method>
			<method name="(anonymous_69)"  hits="0"  signature="()V" >
				<lines><line number="472"  hits="0" /></lines>
			</method>
			<method name="(anonymous_70)"  hits="0"  signature="()V" >
				<lines><line number="479"  hits="0" /></lines>
			</method>
			<method name="_aggregator"  hits="0"  signature="()V" >
				<lines><line number="509"  hits="0" /></lines>
			</method>
			<method name="_aggregate"  hits="0"  signature="()V" >
				<lines><line number="512"  hits="0" /></lines>
			</method>
			<method name="(anonymous_73)"  hits="0"  signature="()V" >
				<lines><line number="514"  hits="0" /></lines>
			</method>
			<method name="_recurseAggregations"  hits="0"  signature="()V" >
				<lines><line number="522"  hits="0" /></lines>
			</method>
			<method name="(anonymous_75)"  hits="0"  signature="()V" >
				<lines><line number="523"  hits="0" /></lines>
			</method>
			<method name="(anonymous_76)"  hits="0"  signature="()V" >
				<lines><line number="534"  hits="0" /></lines>
			</method>
			<method name="(anonymous_77)"  hits="0"  signature="()V" >
				<lines><line number="541"  hits="0" /></lines>
			</method>
			<method name="(anonymous_78)"  hits="0"  signature="()V" >
				<lines><line number="543"  hits="0" /></lines>
			</method>
			<method name="_postProcessing"  hits="0"  signature="()V" >
				<lines><line number="550"  hits="0" /></lines>
			</method>
			<method name="(anonymous_80)"  hits="0"  signature="()V" >
				<lines><line number="556"  hits="0" /></lines>
			</method>
			<method name="(anonymous_81)"  hits="0"  signature="()V" >
				<lines><line number="571"  hits="0" /></lines>
			</method>
			<method name="(anonymous_82)"  hits="0"  signature="()V" >
				<lines><line number="580"  hits="0" /></lines>
			</method>
			<method name="(anonymous_83)"  hits="0"  signature="()V" >
				<lines><line number="584"  hits="0" /></lines>
			</method>
			<method name="(anonymous_84)"  hits="0"  signature="()V" >
				<lines><line number="587"  hits="0" /></lines>
			</method>
			<method name="(anonymous_85)"  hits="0"  signature="()V" >
				<lines><line number="590"  hits="0" /></lines>
			</method>
			<method name="(anonymous_86)"  hits="0"  signature="()V" >
				<lines><line number="593"  hits="0" /></lines>
			</method>
			<method name="(anonymous_87)"  hits="0"  signature="()V" >
				<lines><line number="596"  hits="0" /></lines>
			</method>
			<method name="(anonymous_88)"  hits="0"  signature="()V" >
				<lines><line number="599"  hits="0" /></lines>
			</method>
			<method name="(anonymous_89)"  hits="0"  signature="()V" >
				<lines><line number="604"  hits="0" /></lines>
			</method>
			<method name="noCRUD"  hits="0"  signature="()V" >
				<lines><line number="612"  hits="0" /></lines>
			</method>
			<method name="(anonymous_91)"  hits="0"  signature="()V" >
				<lines><line number="625"  hits="0" /></lines>
			</method>
			<method name="(anonymous_92)"  hits="0"  signature="()V" >
				<lines><line number="634"  hits="0" /></lines>
			</method>
			<method name="(anonymous_93)"  hits="0"  signature="()V" >
				<lines><line number="650"  hits="0" /></lines>
			</method>
			<method name="(anonymous_94)"  hits="0"  signature="()V" >
				<lines><line number="653"  hits="0" /></lines>
			</method>
			<method name="(anonymous_95)"  hits="0"  signature="()V" >
				<lines><line number="660"  hits="0" /></lines>
			</method>
			<method name="(anonymous_96)"  hits="0"  signature="()V" >
				<lines><line number="666"  hits="0" /></lines>
			</method>
			<method name="(anonymous_97)"  hits="0"  signature="()V" >
				<lines><line number="679"  hits="0" /></lines>
			</method>
			<method name="(anonymous_98)"  hits="0"  signature="()V" >
				<lines><line number="684"  hits="0" /></lines>
			</method>
			<method name="(anonymous_99)"  hits="0"  signature="()V" >
				<lines><line number="692"  hits="0" /></lines>
			</method>
			<method name="(anonymous_100)"  hits="0"  signature="()V" >
				<lines><line number="695"  hits="0" /></lines>
			</method>
			<method name="(anonymous_101)"  hits="0"  signature="()V" >
				<lines><line number="697"  hits="0" /></lines>
			</method>
			<method name="(anonymous_102)"  hits="0"  signature="()V" >
				<lines><line number="704"  hits="0" /></lines>
			</method>
			<method name="(anonymous_103)"  hits="0"  signature="()V" >
				<lines><line number="713"  hits="0" /></lines>
			</method>
			<method name="(anonymous_104)"  hits="0"  signature="()V" >
				<lines><line number="721"  hits="0" /></lines>
			</method>
			<method name="(anonymous_105)"  hits="0"  signature="()V" >
				<lines><line number="723"  hits="0" /></lines>
			</method>
			<method name="(anonymous_106)"  hits="0"  signature="()V" >
				<lines><line number="732"  hits="0" /></lines>
			</method>
			<method name="(anonymous_107)"  hits="0"  signature="()V" >
				<lines><line number="735"  hits="0" /></lines>
			</method>
			<method name="(anonymous_108)"  hits="0"  signature="()V" >
				<lines><line number="744"  hits="0" /></lines>
			</method>
			<method name="(anonymous_109)"  hits="0"  signature="()V" >
				<lines><line number="749"  hits="0" /></lines>
			</method>
			<method name="(anonymous_110)"  hits="0"  signature="()V" >
				<lines><line number="754"  hits="0" /></lines>
			</method>
			<method name="(anonymous_111)"  hits="0"  signature="()V" >
				<lines><line number="757"  hits="0" /></lines>
			</method>
			<method name="(anonymous_112)"  hits="0"  signature="()V" >
				<lines><line number="765"  hits="0" /></lines>
			</method>
			<method name="(anonymous_113)"  hits="0"  signature="()V" >
				<lines><line number="782"  hits="0" /></lines>
			</method>
			<method name="_queue"  hits="0"  signature="()V" >
				<lines><line number="785"  hits="0" /></lines>
			</method>
			<method name="_recurse"  hits="0"  signature="()V" >
				<lines><line number="795"  hits="0" /></lines>
			</method>
			<method name="(anonymous_116)"  hits="0"  signature="()V" >
				<lines><line number="799"  hits="0" /></lines>
			</method>
			<method name="(anonymous_117)"  hits="0"  signature="()V" >
				<lines><line number="810"  hits="0" /></lines>
			</method>
			<method name="(anonymous_118)"  hits="0"  signature="()V" >
				<lines><line number="813"  hits="0" /></lines>
			</method>
			<method name="(anonymous_119)"  hits="0"  signature="()V" >
				<lines><line number="819"  hits="0" /></lines>
			</method>
			<method name="(anonymous_120)"  hits="0"  signature="()V" >
				<lines><line number="824"  hits="0" /></lines>
			</method>
			<method name="(anonymous_121)"  hits="0"  signature="()V" >
				<lines><line number="828"  hits="0" /></lines>
			</method>
			<method name="(anonymous_122)"  hits="0"  signature="()V" >
				<lines><line number="833"  hits="0" /></lines>
			</method>
			<method name="(anonymous_123)"  hits="0"  signature="()V" >
				<lines><line number="841"  hits="0" /></lines>
			</method>
			<method name="(anonymous_124)"  hits="0"  signature="()V" >
				<lines><line number="842"  hits="0" /></lines>
			</method>
			<method name="(anonymous_125)"  hits="0"  signature="()V" >
				<lines><line number="857"  hits="0" /></lines>
			</method>
		</methods>
		<lines>
			<line number="2"  hits="1"  branch="false" />
			<line number="3"  hits="1"  branch="false" />
			<line number="5"  hits="1"  branch="false" />
			<line number="8"  hits="4"  branch="false" />
			<line number="10"  hits="1"  branch="false" />
			<line number="11"  hits="1"  branch="false" />
			<line number="12"  hits="0"  branch="true"  condition-coverage="0% (0/2)" />
			<line number="14"  hits="0"  branch="false" />
			<line number="15"  hits="0"  branch="false" />
			<line number="17"  hits="0"  branch="false" />
			<line number="18"  hits="0"  branch="false" />
			<line number="22"  hits="1"  branch="false" />
			<line number="23"  hits="0"  branch="true"  condition-coverage="0% (0/2)" />
			<line number="24"  hits="0"  branch="false" />
			<line number="26"  hits="0"  branch="false" />
			<line number="27"  hits="0"  branch="false" />
			<line number="30"  hits="0"  branch="false" />
			<line number="31"  hits="0"  branch="false" />
			<line number="34"  hits="0"  branch="false" />
			<line number="35"  hits="0"  branch="false" />
			<line number="39"  hits="0"  branch="false" />
			<line number="44"  hits="0"  branch="false" />
			<line number="45"  hits="0"  branch="false" />
			<line number="46"  hits="0"  branch="false" />
			<line number="49"  hits="0"  branch="false" />
			<line number="51"  hits="0"  branch="false" />
			<line number="53"  hits="0"  branch="false" />
			<line number="55"  hits="0"  branch="false" />
			<line number="58"  hits="0"  branch="false" />
			<line number="63"  hits="4"  branch="false" />
			<line number="64"  hits="0"  branch="false" />
			<line number="66"  hits="0"  branch="false" />
			<line number="67"  hits="0"  branch="true"  condition-coverage="0% (0/2)" />
			<line number="69"  hits="0"  branch="false" />
			<line number="70"  hits="0"  branch="false" />
			<line number="72"  hits="0"  branch="false" />
			<line number="73"  hits="0"  branch="true"  condition-coverage="0% (0/2)" />
			<line number="74"  hits="0"  branch="false" />
			<line number="75"  hits="0"  branch="false" />
			<line number="81"  hits="0"  branch="false" />
			<line number="84"  hits="4"  branch="false" />
			<line number="86"  hits="1"  branch="false" />
			<line number="88"  hits="1"  branch="false" />
			<line number="90"  hits="0"  branch="false" />
			<line number="91"  hits="0"  branch="false" />
			<line number="93"  hits="1"  branch="false" />
			<line number="95"  hits="0"  branch="false" />
			<line number="98"  hits="1"  branch="false" />
			<line number="100"  hits="0"  branch="false" />
			<line number="103"  hits="1"  branch="false" />
			<line number="105"  hits="0"  branch="false" />
			<line number="108"  hits="1"  branch="false" />
			<line number="110"  hits="0"  branch="false" />
			<line number="111"  hits="0"  branch="false" />
			<line number="112"  hits="0"  branch="false" />
			<line number="113"  hits="0"  branch="false" />
			<line number="116"  hits="1"  branch="true"  condition-coverage="50% (1/2)" />
			<line number="118"  hits="1"  branch="true"  condition-coverage="50% (1/2)" />
			<line number="119"  hits="1"  branch="false" />
			<line number="120"  hits="1"  branch="false" />
			<line number="122"  hits="0"  branch="false" />
			<line number="125"  hits="0"  branch="false" />
			<line number="129"  hits="1"  branch="false" />
			<line number="132"  hits="4"  branch="false" />
			<line number="133"  hits="0"  branch="true"  condition-coverage="0% (0/2)" />
			<line number="134"  hits="0"  branch="false" />
			<line number="136"  hits="0"  branch="false" />
			<line number="140"  hits="1"  branch="false" />
			<line number="143"  hits="0"  branch="false" />
			<line number="145"  hits="0"  branch="false" />
			<line number="150"  hits="1"  branch="false" />
			<line number="153"  hits="1"  branch="false" />
			<line number="156"  hits="0"  branch="true"  condition-coverage="0% (0/2)" />
			<line number="161"  hits="0"  branch="true"  condition-coverage="0% (0/2)" />
			<line number="162"  hits="0"  branch="false" />
			<line number="165"  hits="0"  branch="true"  condition-coverage="0% (0/2)" />
			<line number="166"  hits="0"  branch="false" />
			<line number="168"  hits="0"  branch="true"  condition-coverage="0% (0/2)" />
			<line number="169"  hits="0"  branch="false" />
			<line number="172"  hits="0"  branch="true"  condition-coverage="0% (0/2)" />
			<line number="174"  hits="0"  branch="false" />
			<line number="175"  hits="0"  branch="false" />
			<line number="178"  hits="0"  branch="false" />
			<line number="179"  hits="0"  branch="false" />
			<line number="183"  hits="0"  branch="false" />
			<line number="186"  hits="1"  branch="false" />
			<line number="187"  hits="0"  branch="false" />
			<line number="189"  hits="0"  branch="false" />
			<line number="191"  hits="0"  branch="false" />
			<line number="192"  hits="0"  branch="false" />
			<line number="196"  hits="0"  branch="true"  condition-coverage="0% (0/2)" />
			<line number="198"  hits="0"  branch="true"  condition-coverage="0% (0/4)" />
			<line number="200"  hits="0"  branch="false" />
			<line number="201"  hits="0"  branch="false" />
			<line number="203"  hits="0"  branch="false" />
			<line number="204"  hits="0"  branch="false" />
			<line number="206"  hits="0"  branch="false" />
			<line number="207"  hits="0"  branch="false" />
			<line number="209"  hits="0"  branch="false" />
			<line number="210"  hits="0"  branch="false" />
			<line number="213"  hits="0"  branch="true"  condition-coverage="0% (0/2)" />
			<line number="214"  hits="0"  branch="false" />
			<line number="218"  hits="0"  branch="false" />
			<line number="221"  hits="0"  branch="false" />
			<line number="224"  hits="0"  branch="false" />
			<line number="230"  hits="0"  branch="false" />
			<line number="232"  hits="0"  branch="true"  condition-coverage="0% (0/2)" />
			<line number="236"  hits="0"  branch="false" />
			<line number="237"  hits="0"  branch="false" />
			<line number="238"  hits="0"  branch="false" />
			<line number="239"  hits="0"  branch="false" />
			<line number="240"  hits="0"  branch="false" />
			<line number="244"  hits="0"  branch="true"  condition-coverage="0% (0/4)" />
			<line number="245"  hits="0"  branch="false" />
			<line number="248"  hits="0"  branch="false" />
			<line number="252"  hits="0"  branch="false" />
			<line number="257"  hits="0"  branch="false" />
			<line number="260"  hits="1"  branch="false" />
			<line number="261"  hits="0"  branch="false" />
			<line number="263"  hits="0"  branch="false" />
			<line number="265"  hits="0"  branch="false" />
			<line number="266"  hits="0"  branch="false" />
			<line number="269"  hits="0"  branch="false" />
			<line number="272"  hits="0"  branch="false" />
			<line number="275"  hits="1"  branch="false" />
			<line number="276"  hits="0"  branch="false" />
			<line number="279"  hits="0"  branch="false" />
			<line number="280"  hits="0"  branch="true"  condition-coverage="0% (0/4)" />
			<line number="281"  hits="0"  branch="true"  condition-coverage="0% (0/2)" />
			<line number="283"  hits="0"  branch="false" />
			<line number="286"  hits="0"  branch="false" />
			<line number="288"  hits="0"  branch="false" />
			<line number="289"  hits="0"  branch="false" />
			<line number="292"  hits="0"  branch="false" />
			<line number="293"  hits="0"  branch="false" />
			<line number="296"  hits="0"  branch="false" />
			<line number="298"  hits="0"  branch="false" />
			<line number="301"  hits="0"  branch="false" />
			<line number="302"  hits="0"  branch="false" />
			<line number="307"  hits="0"  branch="false" />
			<line number="310"  hits="1"  branch="false" />
			<line number="311"  hits="0"  branch="false" />
			<line number="313"  hits="0"  branch="false" />
			<line number="314"  hits="0"  branch="true"  condition-coverage="0% (0/2)" />
			<line number="316"  hits="0"  branch="false" />
			<line number="318"  hits="0"  branch="false" />
			<line number="322"  hits="0"  branch="false" />
			<line number="325"  hits="1"  branch="false" />
			<line number="326"  hits="0"  branch="false" />
			<line number="332"  hits="0"  branch="false" />
			<line number="333"  hits="0"  branch="false" />
			<line number="336"  hits="0"  branch="false" />
			<line number="339"  hits="0"  branch="false" />
			<line number="340"  hits="0"  branch="false" />
			<line number="341"  hits="0"  branch="false" />
			<line number="342"  hits="0"  branch="true"  condition-coverage="0% (0/2)" />
			<line number="343"  hits="0"  branch="false" />
			<line number="347"  hits="0"  branch="false" />
			<line number="348"  hits="0"  branch="false" />
			<line number="349"  hits="0"  branch="false" />
			<line number="352"  hits="0"  branch="true"  condition-coverage="0% (0/2)" />
			<line number="353"  hits="0"  branch="false" />
			<line number="354"  hits="0"  branch="false" />
			<line number="357"  hits="0"  branch="false" />
			<line number="361"  hits="0"  branch="true"  condition-coverage="0% (0/2)" />
			<line number="362"  hits="0"  branch="false" />
			<line number="364"  hits="0"  branch="false" />
			<line number="370"  hits="0"  branch="false" />
			<line number="374"  hits="1"  branch="false" />
			<line number="375"  hits="0"  branch="false" />
			<line number="379"  hits="0"  branch="false" />
			<line number="380"  hits="0"  branch="false" />
			<line number="382"  hits="0"  branch="false" />
			<line number="384"  hits="0"  branch="false" />
			<line number="385"  hits="0"  branch="false" />
			<line number="388"  hits="0"  branch="false" />
			<line number="391"  hits="0"  branch="false" />
			<line number="392"  hits="0"  branch="false" />
			<line number="397"  hits="1"  branch="false" />
			<line number="398"  hits="0"  branch="false" />
			<line number="400"  hits="1"  branch="false" />
			<line number="401"  hits="0"  branch="false" />
			<line number="403"  hits="0"  branch="false" />
			<line number="405"  hits="0"  branch="false" />
			<line number="407"  hits="0"  branch="true"  condition-coverage="0% (0/2)" />
			<line number="408"  hits="0"  branch="false" />
			<line number="410"  hits="0"  branch="false" />
			<line number="413"  hits="0"  branch="false" />
			<line number="418"  hits="0"  branch="false" />
			<line number="419"  hits="0"  branch="false" />
			<line number="422"  hits="0"  branch="false" />
			<line number="425"  hits="1"  branch="false" />
			<line number="426"  hits="0"  branch="false" />
			<line number="431"  hits="0"  branch="false" />
			<line number="433"  hits="0"  branch="false" />
			<line number="436"  hits="0"  branch="false" />
			<line number="437"  hits="0"  branch="true"  condition-coverage="0% (0/2)" />
			<line number="438"  hits="0"  branch="false" />
			<line number="440"  hits="0"  branch="false" />
			<line number="443"  hits="0"  branch="false" />
			<line number="444"  hits="0"  branch="false" />
			<line number="448"  hits="0"  branch="false" />
			<line number="452"  hits="0"  branch="false" />
			<line number="456"  hits="0"  branch="false" />
			<line number="457"  hits="0"  branch="false" />
			<line number="461"  hits="1"  branch="false" />
			<line number="462"  hits="0"  branch="false" />
			<line number="464"  hits="0"  branch="false" />
			<line number="465"  hits="0"  branch="false" />
			<line number="467"  hits="0"  branch="false" />
			<line number="471"  hits="0"  branch="false" />
			<line number="473"  hits="0"  branch="false" />
			<line number="478"  hits="0"  branch="false" />
			<line number="505"  hits="0"  branch="false" />
			<line number="509"  hits="1"  branch="false" />
			<line number="510"  hits="0"  branch="false" />
			<line number="512"  hits="1"  branch="false" />
			<line number="513"  hits="0"  branch="false" />
			<line number="515"  hits="0"  branch="true"  condition-coverage="0% (0/2)" />
			<line number="519"  hits="0"  branch="false" />
			<line number="522"  hits="1"  branch="false" />
			<line number="523"  hits="0"  branch="false" />
			<line number="524"  hits="0"  branch="false" />
			<line number="527"  hits="0"  branch="true"  condition-coverage="0% (0/2)" />
			<line number="528"  hits="0"  branch="false" />
			<line number="531"  hits="0"  branch="false" />
			<line number="533"  hits="0"  branch="true"  condition-coverage="0% (0/2)" />
			<line number="534"  hits="0"  branch="false" />
			<line number="535"  hits="0"  branch="false" />
			<line number="541"  hits="0"  branch="false" />
			<line number="542"  hits="0"  branch="false" />
			<line number="543"  hits="0"  branch="false" />
			<line number="544"  hits="0"  branch="false" />
			<line number="546"  hits="0"  branch="false" />
			<line number="550"  hits="1"  branch="false" />
			<line number="551"  hits="0"  branch="false" />
			<line number="555"  hits="0"  branch="true"  condition-coverage="0% (0/2)" />
			<line number="556"  hits="0"  branch="false" />
			<line number="557"  hits="0"  branch="false" />
			<line number="560"  hits="0"  branch="true"  condition-coverage="0% (0/2)" />
			<line number="561"  hits="0"  branch="false" />
			<line number="564"  hits="0"  branch="true"  condition-coverage="0% (0/2)" />
			<line number="566"  hits="0"  branch="false" />
			<line number="571"  hits="0"  branch="false" />
			<line number="573"  hits="0"  branch="true"  condition-coverage="0% (0/2)" />
			<line number="574"  hits="0"  branch="false" />
			<line number="576"  hits="0"  branch="false" />
			<line number="580"  hits="0"  branch="false" />
			<line number="581"  hits="0"  branch="false" />
			<line number="583"  hits="0"  branch="false" />
			<line number="585"  hits="0"  branch="false" />
			<line number="588"  hits="0"  branch="false" />
			<line number="591"  hits="0"  branch="false" />
			<line number="594"  hits="0"  branch="false" />
			<line number="595"  hits="0"  branch="false" />
			<line number="597"  hits="0"  branch="true"  condition-coverage="0% (0/2)" />
			<line number="600"  hits="0"  branch="false" />
			<line number="605"  hits="0"  branch="false" />
			<line number="608"  hits="0"  branch="false" />
			<line number="612"  hits="1"  branch="false" />
			<line number="613"  hits="0"  branch="true"  condition-coverage="0% (0/2)" />
			<line number="615"  hits="0"  branch="false" />
			<line number="616"  hits="0"  branch="false" />
			<line number="617"  hits="0"  branch="false" />
			<line number="618"  hits="0"  branch="false" />
			<line number="619"  hits="0"  branch="false" />
			<line number="620"  hits="0"  branch="false" />
			<line number="621"  hits="0"  branch="false" />
			<line number="622"  hits="0"  branch="false" />
			<line number="623"  hits="0"  branch="false" />
			<line number="625"  hits="0"  branch="false" />
			<line number="626"  hits="0"  branch="false" />
			<line number="628"  hits="0"  branch="true"  condition-coverage="0% (0/2)" />
			<line number="631"  hits="0"  branch="false" />
			<line number="634"  hits="0"  branch="false" />
			<line number="647"  hits="0"  branch="false" />
			<line number="651"  hits="0"  branch="false" />
			<line number="654"  hits="0"  branch="false" />
			<line number="657"  hits="0"  branch="false" />
			<line number="660"  hits="0"  branch="false" />
			<line number="661"  hits="0"  branch="false" />
			<line number="666"  hits="0"  branch="false" />
			<line number="667"  hits="0"  branch="true"  condition-coverage="0% (0/2)" />
			<line number="668"  hits="0"  branch="false" />
			<line number="670"  hits="0"  branch="false" />
			<line number="674"  hits="0"  branch="false" />
			<line number="682"  hits="0"  branch="true"  condition-coverage="0% (0/2)" />
			<line number="685"  hits="0"  branch="false" />
			<line number="686"  hits="0"  branch="false" />
			<line number="689"  hits="0"  branch="false" />
			<line number="692"  hits="0"  branch="false" />
			<line number="693"  hits="0"  branch="false" />
			<line number="695"  hits="0"  branch="false" />
			<line number="696"  hits="0"  branch="false" />
			<line number="698"  hits="0"  branch="true"  condition-coverage="0% (0/2)" />
			<line number="699"  hits="0"  branch="false" />
			<line number="701"  hits="0"  branch="false" />
			<line number="705"  hits="0"  branch="false" />
			<line number="710"  hits="0"  branch="false" />
			<line number="713"  hits="0"  branch="false" />
			<line number="714"  hits="0"  branch="false" />
			<line number="716"  hits="0"  branch="true"  condition-coverage="0% (0/2)" />
			<line number="718"  hits="0"  branch="false" />
			<line number="721"  hits="0"  branch="false" />
			<line number="722"  hits="0"  branch="false" />
			<line number="724"  hits="0"  branch="true"  condition-coverage="0% (0/2)" />
			<line number="726"  hits="0"  branch="false" />
			<line number="728"  hits="0"  branch="false" />
			<line number="733"  hits="0"  branch="true"  condition-coverage="0% (0/2)" />
			<line number="736"  hits="0"  branch="false" />
			<line number="737"  hits="0"  branch="false" />
			<line number="741"  hits="0"  branch="false" />
			<line number="744"  hits="0"  branch="false" />
			<line number="745"  hits="0"  branch="false" />
			<line number="749"  hits="0"  branch="false" />
			<line number="750"  hits="0"  branch="false" />
			<line number="755"  hits="0"  branch="true"  condition-coverage="0% (0/2)" />
			<line number="758"  hits="0"  branch="false" />
			<line number="759"  hits="0"  branch="false" />
			<line number="762"  hits="0"  branch="false" />
			<line number="765"  hits="0"  branch="false" />
			<line number="766"  hits="0"  branch="true"  condition-coverage="0% (0/2)" />
			<line number="768"  hits="0"  branch="false" />
			<line number="771"  hits="0"  branch="true"  condition-coverage="0% (0/2)" />
			<line number="772"  hits="0"  branch="false" />
			<line number="774"  hits="0"  branch="false" />
			<line number="779"  hits="4"  branch="false" />
			<line number="783"  hits="0"  branch="false" />
			<line number="785"  hits="1"  branch="false" />
			<line number="788"  hits="0"  branch="false" />
			<line number="789"  hits="0"  branch="false" />
			<line number="790"  hits="0"  branch="false" />
			<line number="791"  hits="0"  branch="false" />
			<line number="795"  hits="1"  branch="false" />
			<line number="796"  hits="0"  branch="false" />
			<line number="798"  hits="0"  branch="true"  condition-coverage="0% (0/2)" />
			<line number="799"  hits="0"  branch="false" />
			<line number="800"  hits="0"  branch="false" />
			<line number="801"  hits="0"  branch="false" />
			<line number="803"  hits="0"  branch="false" />
			<line number="805"  hits="0"  branch="false" />
			<line number="807"  hits="0"  branch="true"  condition-coverage="0% (0/2)" />
			<line number="809"  hits="0"  branch="false" />
			<line number="811"  hits="0"  branch="true"  condition-coverage="0% (0/2)" />
			<line number="812"  hits="0"  branch="false" />
			<line number="813"  hits="0"  branch="false" />
			<line number="814"  hits="0"  branch="false" />
			<line number="815"  hits="0"  branch="false" />
			<line number="817"  hits="0"  branch="false" />
			<line number="818"  hits="0"  branch="false" />
			<line number="821"  hits="0"  branch="false" />
			<line number="822"  hits="0"  branch="false" />
			<line number="825"  hits="0"  branch="false" />
			<line number="826"  hits="0"  branch="false" />
			<line number="829"  hits="0"  branch="false" />
			<line number="832"  hits="0"  branch="false" />
			<line number="833"  hits="0"  branch="false" />
			<line number="834"  hits="0"  branch="false" />
			<line number="835"  hits="0"  branch="false" />
			<line number="836"  hits="0"  branch="false" />
			<line number="838"  hits="0"  branch="false" />
			<line number="842"  hits="0"  branch="false" />
			<line number="843"  hits="0"  branch="false" />
			<line number="844"  hits="0"  branch="false" />
			<line number="845"  hits="0"  branch="false" />
			<line number="847"  hits="0"  branch="false" />
			<line number="853"  hits="0"  branch="false" />
			<line number="857"  hits="0"  branch="false" />
			<line number="858"  hits="0"  branch="false" />
			<line number="860"  hits="0"  branch="false" />
			<line number="861"  hits="0"  branch="false" />
			<line number="862"  hits="0"  branch="false" />
			<line number="864"  hits="0"  branch="false" />
		</lines>
		</class>
		<class name="manifest.js"  filename="src/manifest.js"  line-rate="0.21739999999999998"  branch-rate="0" >
		<methods>
			<method name="(anonymous_1)"  hits="1"  signature="()V" >
				<lines><line number="2"  hits="1" /></lines>
			</method>
			<method name="(anonymous_2)"  hits="37"  signature="()V" >
				<lines><line number="6"  hits="37" /></lines>
			</method>
			<method name="(anonymous_3)"  hits="37"  signature="()V" >
				<lines><line number="9"  hits="37" /></lines>
			</method>
			<method name="noManifest"  hits="4"  signature="()V" >
				<lines><line number="20"  hits="4" /></lines>
			</method>
			<method name="(anonymous_5)"  hits="0"  signature="()V" >
				<lines><line number="25"  hits="0" /></lines>
			</method>
			<method name="(anonymous_6)"  hits="0"  signature="()V" >
				<lines><line number="28"  hits="0" /></lines>
			</method>
			<method name="(anonymous_7)"  hits="0"  signature="()V" >
				<lines><line number="31"  hits="0" /></lines>
			</method>
			<method name="(anonymous_8)"  hits="0"  signature="()V" >
				<lines><line number="34"  hits="0" /></lines>
			</method>
			<method name="(anonymous_9)"  hits="0"  signature="()V" >
				<lines><line number="37"  hits="0" /></lines>
			</method>
			<method name="_createManifestMap"  hits="0"  signature="()V" >
				<lines><line number="44"  hits="0" /></lines>
			</method>
			<method name="_isTable"  hits="0"  signature="()V" >
				<lines><line number="45"  hits="0" /></lines>
			</method>
			<method name="_deltaManifest"  hits="0"  signature="()V" >
				<lines><line number="64"  hits="0" /></lines>
			</method>
			<method name="(anonymous_13)"  hits="0"  signature="()V" >
				<lines><line number="77"  hits="0" /></lines>
			</method>
			<method name="(anonymous_14)"  hits="0"  signature="()V" >
				<lines><line number="79"  hits="0" /></lines>
			</method>
			<method name="_makeDBConfig"  hits="0"  signature="()V" >
				<lines><line number="101"  hits="0" /></lines>
			</method>
			<method name="(anonymous_16)"  hits="0"  signature="()V" >
				<lines><line number="104"  hits="0" /></lines>
			</method>
			<method name="(anonymous_17)"  hits="0"  signature="()V" >
				<lines><line number="113"  hits="0" /></lines>
			</method>
			<method name="(anonymous_18)"  hits="0"  signature="()V" >
				<lines><line number="119"  hits="0" /></lines>
			</method>
			<method name="(anonymous_19)"  hits="0"  signature="()V" >
				<lines><line number="121"  hits="0" /></lines>
			</method>
			<method name="(anonymous_20)"  hits="0"  signature="()V" >
				<lines><line number="128"  hits="0" /></lines>
			</method>
			<method name="(anonymous_21)"  hits="0"  signature="()V" >
				<lines><line number="142"  hits="0" /></lines>
			</method>
			<method name="(anonymous_22)"  hits="0"  signature="()V" >
				<lines><line number="145"  hits="0" /></lines>
			</method>
			<method name="(anonymous_23)"  hits="0"  signature="()V" >
				<lines><line number="151"  hits="0" /></lines>
			</method>
			<method name="(anonymous_24)"  hits="0"  signature="()V" >
				<lines><line number="159"  hits="0" /></lines>
			</method>
			<method name="(anonymous_25)"  hits="4"  signature="()V" >
				<lines><line number="169"  hits="4" /></lines>
			</method>
		</methods>
		<lines>
			<line number="2"  hits="1"  branch="false" />
			<line number="5"  hits="1"  branch="false" />
			<line number="10"  hits="37"  branch="false" />
			<line number="20"  hits="1"  branch="false" />
			<line number="21"  hits="4"  branch="false" />
			<line number="23"  hits="4"  branch="false" />
			<line number="25"  hits="0"  branch="false" />
			<line number="28"  hits="0"  branch="false" />
			<line number="31"  hits="0"  branch="false" />
			<line number="34"  hits="0"  branch="false" />
			<line number="38"  hits="0"  branch="false" />
			<line number="39"  hits="0"  branch="true"  condition-coverage="0% (0/2)" />
			<line number="44"  hits="1"  branch="false" />
			<line number="45"  hits="1"  branch="false" />
			<line number="46"  hits="0"  branch="false" />
			<line number="48"  hits="0"  branch="false" />
			<line number="50"  hits="0"  branch="false" />
			<line number="52"  hits="0"  branch="false" />
			<line number="55"  hits="0"  branch="true"  condition-coverage="0% (0/2)" />
			<line number="56"  hits="0"  branch="false" />
			<line number="60"  hits="0"  branch="false" />
			<line number="64"  hits="1"  branch="false" />
			<line number="66"  hits="0"  branch="true"  condition-coverage="0% (0/2)" />
			<line number="77"  hits="0"  branch="false" />
			<line number="78"  hits="0"  branch="false" />
			<line number="79"  hits="0"  branch="false" />
			<line number="80"  hits="0"  branch="false" />
			<line number="85"  hits="0"  branch="true"  condition-coverage="0% (0/2)" />
			<line number="86"  hits="0"  branch="false" />
			<line number="88"  hits="0"  branch="true"  condition-coverage="0% (0/2)" />
			<line number="90"  hits="0"  branch="true"  condition-coverage="0% (0/2)" />
			<line number="92"  hits="0"  branch="false" />
			<line number="101"  hits="1"  branch="false" />
			<line number="102"  hits="0"  branch="false" />
			<line number="104"  hits="0"  branch="false" />
			<line number="105"  hits="0"  branch="false" />
			<line number="106"  hits="0"  branch="false" />
			<line number="110"  hits="0"  branch="false" />
			<line number="113"  hits="4"  branch="false" />
			<line number="114"  hits="0"  branch="false" />
			<line number="115"  hits="0"  branch="false" />
			<line number="116"  hits="0"  branch="false" />
			<line number="119"  hits="4"  branch="false" />
			<line number="120"  hits="0"  branch="false" />
			<line number="122"  hits="0"  branch="false" />
			<line number="123"  hits="0"  branch="false" />
			<line number="125"  hits="0"  branch="false" />
			<line number="126"  hits="0"  branch="false" />
			<line number="130"  hits="0"  branch="false" />
			<line number="131"  hits="0"  branch="true"  condition-coverage="0% (0/2)" />
			<line number="132"  hits="0"  branch="false" />
			<line number="134"  hits="0"  branch="false" />
			<line number="135"  hits="0"  branch="false" />
			<line number="137"  hits="0"  branch="false" />
			<line number="142"  hits="4"  branch="false" />
			<line number="143"  hits="0"  branch="false" />
			<line number="145"  hits="0"  branch="false" />
			<line number="146"  hits="0"  branch="true"  condition-coverage="0% (0/2)" />
			<line number="148"  hits="0"  branch="false" />
			<line number="149"  hits="0"  branch="false" />
			<line number="151"  hits="0"  branch="false" />
			<line number="152"  hits="0"  branch="true"  condition-coverage="0% (0/2)" />
			<line number="153"  hits="0"  branch="false" />
			<line number="154"  hits="0"  branch="false" />
			<line number="158"  hits="0"  branch="false" />
			<line number="160"  hits="0"  branch="false" />
			<line number="165"  hits="0"  branch="false" />
			<line number="169"  hits="37"  branch="false" />
			<line number="170"  hits="4"  branch="false" />
		</lines>
		</class>
		<class name="storage.js"  filename="src/storage.js"  line-rate="0.5455"  branch-rate="0.375" >
		<methods>
			<method name="(anonymous_1)"  hits="1"  signature="()V" >
				<lines><line number="2"  hits="1" /></lines>
			</method>
			<method name="mockStorage"  hits="0"  signature="()V" >
				<lines><line number="5"  hits="0" /></lines>
			</method>
			<method name="(anonymous_3)"  hits="0"  signature="()V" >
				<lines><line number="10"  hits="0" /></lines>
			</method>
			<method name="(anonymous_4)"  hits="0"  signature="()V" >
				<lines><line number="18"  hits="0" /></lines>
			</method>
			<method name="(anonymous_5)"  hits="0"  signature="()V" >
				<lines><line number="25"  hits="0" /></lines>
			</method>
			<method name="(anonymous_6)"  hits="0"  signature="()V" >
				<lines><line number="29"  hits="0" /></lines>
			</method>
			<method name="(anonymous_7)"  hits="0"  signature="()V" >
				<lines><line number="33"  hits="0" /></lines>
			</method>
			<method name="(anonymous_8)"  hits="0"  signature="()V" >
				<lines><line number="37"  hits="0" /></lines>
			</method>
			<method name="noStorage"  hits="37"  signature="()V" >
				<lines><line number="42"  hits="37" /></lines>
			</method>
			<method name="(anonymous_10)"  hits="8"  signature="()V" >
				<lines><line number="57"  hits="8" /></lines>
			</method>
			<method name="(anonymous_11)"  hits="2"  signature="()V" >
				<lines><line number="63"  hits="2" /></lines>
			</method>
			<method name="(anonymous_12)"  hits="4"  signature="()V" >
				<lines><line number="67"  hits="4" /></lines>
			</method>
			<method name="(anonymous_13)"  hits="4"  signature="()V" >
				<lines><line number="76"  hits="4" /></lines>
			</method>
			<method name="(anonymous_14)"  hits="2"  signature="()V" >
				<lines><line number="87"  hits="2" /></lines>
			</method>
			<method name="(anonymous_15)"  hits="2"  signature="()V" >
				<lines><line number="91"  hits="2" /></lines>
			</method>
			<method name="(anonymous_16)"  hits="26"  signature="()V" >
				<lines><line number="97"  hits="26" /></lines>
			</method>
			<method name="(anonymous_17)"  hits="11"  signature="()V" >
				<lines><line number="101"  hits="11" /></lines>
			</method>
		</methods>
		<lines>
			<line number="2"  hits="1"  branch="false" />
			<line number="5"  hits="1"  branch="false" />
			<line number="6"  hits="0"  branch="false" />
			<line number="8"  hits="0"  branch="false" />
			<line number="11"  hits="0"  branch="false" />
			<line number="12"  hits="0"  branch="false" />
			<line number="13"  hits="0"  branch="false" />
			<line number="18"  hits="0"  branch="false" />
			<line number="19"  hits="0"  branch="false" />
			<line number="20"  hits="0"  branch="false" />
			<line number="21"  hits="0"  branch="true"  condition-coverage="0% (0/2)" />
			<line number="25"  hits="0"  branch="false" />
			<line number="26"  hits="0"  branch="false" />
			<line number="29"  hits="0"  branch="false" />
			<line number="30"  hits="0"  branch="false" />
			<line number="33"  hits="0"  branch="false" />
			<line number="34"  hits="0"  branch="false" />
			<line number="37"  hits="0"  branch="false" />
			<line number="38"  hits="0"  branch="false" />
			<line number="42"  hits="1"  branch="false" />
			<line number="43"  hits="37"  branch="false" />
			<line number="46"  hits="37"  branch="true"  condition-coverage="50% (1/2)" />
			<line number="48"  hits="37"  branch="false" />
			<line number="51"  hits="0"  branch="false" />
			<line number="55"  hits="37"  branch="false" />
			<line number="58"  hits="8"  branch="false" />
			<line number="63"  hits="37"  branch="false" />
			<line number="64"  hits="2"  branch="false" />
			<line number="67"  hits="37"  branch="false" />
			<line number="68"  hits="4"  branch="true"  condition-coverage="50% (1/2)" />
			<line number="69"  hits="4"  branch="false" />
			<line number="71"  hits="0"  branch="false" />
			<line number="76"  hits="37"  branch="false" />
			<line number="77"  hits="4"  branch="false" />
			<line number="79"  hits="4"  branch="true"  condition-coverage="50% (1/2)" />
			<line number="80"  hits="0"  branch="false" />
			<line number="82"  hits="4"  branch="false" />
			<line number="87"  hits="37"  branch="false" />
			<line number="88"  hits="2"  branch="false" />
			<line number="91"  hits="37"  branch="false" />
			<line number="92"  hits="2"  branch="false" />
			<line number="96"  hits="1"  branch="false" />
			<line number="98"  hits="26"  branch="false" />
			<line number="102"  hits="11"  branch="false" />
		</lines>
		</class>
	</classes>
	</package>
</packages>
</coverage>
